<?xml version="1.0" encoding="UTF-8"?>
<testng-results ignored="0" total="1" passed="1" failed="0" skipped="0">
  <reporter-output>
  </reporter-output>
  <suite started-at="2024-04-21T12:38:21 IST" name="Surefire suite" finished-at="2024-04-21T12:38:44 IST" duration-ms="23096">
    <groups>
    </groups>
    <test started-at="2024-04-21T12:38:21 IST" name="Surefire test" finished-at="2024-04-21T12:38:44 IST" duration-ms="23096">
      <class name="goibibo.sampleTest">
        <test-method signature="sample()[pri:0, instance:goibibo.sampleTest@d706f19]" started-at="2024-04-21T12:38:21 IST" name="sample" finished-at="2024-04-21T12:38:44 IST" duration-ms="23044" status="PASS">
          <reporter-output>
          </reporter-output>
        </test-method> <!-- sample -->
      </class> <!-- goibibo.sampleTest -->
    </test> <!-- Surefire test -->
  </suite> <!-- Surefire suite -->
</testng-results>
